<?xml version="1.0" encoding="UTF-8"?>
<!-- Generated by org.testng.reporters.JUnitReportReporter -->
<testsuite hostname="Kanchan" failures="0" tests="1" name="sample.DemoFresh" time="0.009" errors="0" timestamp="2023-08-28T17:01:16 IST" skipped="0">
  <testcase classname="sample.DemoFresh" name="sample" time="0.009"/>
  <system-out/>
</testsuite> <!-- sample.DemoFresh -->
