<?xml version="1.0" encoding="UTF-8"?>
<!-- Generated by org.testng.reporters.JUnitReportReporter -->
<testsuite hostname="Kanchan" failures="0" tests="1" name="sample.DemoFresh" time="0.008" errors="0" timestamp="2023-08-28T16:00:28 IST" skipped="0">
  <testcase classname="sample.DemoFresh" name="sample" time="0.008"/>
  <system-out/>
</testsuite> <!-- sample.DemoFresh -->
