<?xml version="1.0" encoding="UTF-8"?>
<!-- Generated by org.testng.reporters.JUnitReportReporter -->
<testsuite hostname="Kanchan" failures="0" tests="1" name="sample.DemoFresh$Demo" time="0.011" errors="0" timestamp="2023-08-28T15:18:54 IST" skipped="0">
  <testcase classname="sample.DemoFresh$Demo" name="sample" time="0.011"/>
  <system-out/>
</testsuite> <!-- sample.DemoFresh$Demo -->
